This is pdfTeX, Version 3.14159265-2.6-1.40.18 (TeX Live 2017/Debian) (preloaded format=pdflatex 2018.9.13)  17 DEC 2018 14:20
entering extended mode
 restricted \write18 enabled.
 %&-line parsing enabled.
**annotated.tex
(./annotated.tex
LaTeX2e <2017-04-15>
Babel <3.18> and hyphenation patterns for 84 language(s) loaded.
! Undefined control sequence.
l.1 \section
            {Class List}
? 

! LaTeX Error: Missing \begin{document}.

See the LaTeX manual or LaTeX Companion for explanation.
Type  H <return>  for immediate help.
 ...                                              
                                                  
l.1 \section{C
              lass List}
? 
Missing character: There is no C in font nullfont!
Missing character: There is no l in font nullfont!
Missing character: There is no a in font nullfont!
Missing character: There is no s in font nullfont!
Missing character: There is no s in font nullfont!
Missing character: There is no L in font nullfont!
Missing character: There is no i in font nullfont!
Missing character: There is no s in font nullfont!
Missing character: There is no t in font nullfont!
Missing character: There is no H in font nullfont!
Missing character: There is no e in font nullfont!
Missing character: There is no r in font nullfont!
Missing character: There is no e in font nullfont!
Missing character: There is no a in font nullfont!
Missing character: There is no r in font nullfont!
Missing character: There is no e in font nullfont!
Missing character: There is no t in font nullfont!
Missing character: There is no h in font nullfont!
Missing character: There is no e in font nullfont!
Missing character: There is no c in font nullfont!
Missing character: There is no l in font nullfont!
Missing character: There is no a in font nullfont!
Missing character: There is no s in font nullfont!
Missing character: There is no s in font nullfont!
Missing character: There is no e in font nullfont!
Missing character: There is no s in font nullfont!
Missing character: There is no , in font nullfont!
Missing character: There is no s in font nullfont!
Missing character: There is no t in font nullfont!
Missing character: There is no r in font nullfont!
Missing character: There is no u in font nullfont!
Missing character: There is no c in font nullfont!
Missing character: There is no t in font nullfont!
Missing character: There is no s in font nullfont!
Missing character: There is no , in font nullfont!
Missing character: There is no u in font nullfont!
Missing character: There is no n in font nullfont!
Missing character: There is no i in font nullfont!
Missing character: There is no o in font nullfont!
Missing character: There is no n in font nullfont!
Missing character: There is no s in font nullfont!
Missing character: There is no a in font nullfont!
Missing character: There is no n in font nullfont!
Missing character: There is no d in font nullfont!
Missing character: There is no i in font nullfont!
Missing character: There is no n in font nullfont!
Missing character: There is no t in font nullfont!
Missing character: There is no e in font nullfont!
Missing character: There is no r in font nullfont!
Missing character: There is no f in font nullfont!
Missing character: There is no a in font nullfont!
Missing character: There is no c in font nullfont!
Missing character: There is no e in font nullfont!
Missing character: There is no s in font nullfont!
Missing character: There is no w in font nullfont!
Missing character: There is no i in font nullfont!
Missing character: There is no t in font nullfont!
Missing character: There is no h in font nullfont!
Missing character: There is no b in font nullfont!
Missing character: There is no r in font nullfont!
Missing character: There is no i in font nullfont!
Missing character: There is no e in font nullfont!
Missing character: There is no f in font nullfont!
Missing character: There is no d in font nullfont!
Missing character: There is no e in font nullfont!
Missing character: There is no s in font nullfont!
Missing character: There is no c in font nullfont!
Missing character: There is no r in font nullfont!
Missing character: There is no i in font nullfont!
Missing character: There is no p in font nullfont!
Missing character: There is no t in font nullfont!
Missing character: There is no i in font nullfont!
Missing character: There is no o in font nullfont!
Missing character: There is no n in font nullfont!
Missing character: There is no s in font nullfont!
! Undefined control sequence.
l.2 ...ns and interfaces with brief descriptions\+
                                                  :\begin{DoxyCompactList}
? 
Missing character: There is no : in font nullfont!

! LaTeX Error: Environment DoxyCompactList undefined.

See the LaTeX manual or LaTeX Companion for explanation.
Type  H <return>  for immediate help.
 ...                                              
                                                  
l.2 ...rief descriptions\+:\begin{DoxyCompactList}
                                                  
? 

Overfull \hbox (20.0pt too wide) in paragraph at lines 1--3
[]
 []


! LaTeX Error: Lonely \item--perhaps a missing list environment.

See the LaTeX manual or LaTeX Companion for explanation.
Type  H <return>  for immediate help.
 ...                                              
                                                  
l.3 \item\contentsline
                      {section}{\hyperlink{classBullet}{Bullet} }{\pageref{c...

? 
! Undefined control sequence.
l.3 \item\contentsline{section}{\hyperlink
                                          {classBullet}{Bullet} }{\pageref{c...

? 
Missing character: There is no c in font nullfont!
Missing character: There is no l in font nullfont!
Missing character: There is no a in font nullfont!
Missing character: There is no s in font nullfont!
Missing character: There is no s in font nullfont!
Missing character: There is no B in font nullfont!
Missing character: There is no u in font nullfont!
Missing character: There is no l in font nullfont!
Missing character: There is no l in font nullfont!
Missing character: There is no e in font nullfont!
Missing character: There is no t in font nullfont!
Missing character: There is no B in font nullfont!
Missing character: There is no u in font nullfont!
Missing character: There is no l in font nullfont!
Missing character: There is no l in font nullfont!
Missing character: There is no e in font nullfont!
Missing character: There is no t in font nullfont!
! Undefined control sequence.
<write> ...ference `classBullet' on page \thepage 
                                                  \space undefined\on@line .
l.3 ...lassBullet}{Bullet} }{\pageref{classBullet}
                                                  }{}
? 

LaTeX Warning: Reference `classBullet' on page  undefined on input line 3.


Overfull \hbox (10.86105pt too wide) in paragraph at lines 3--4
[] 
 []


! LaTeX Error: Lonely \item--perhaps a missing list environment.

See the LaTeX manual or LaTeX Companion for explanation.
Type  H <return>  for immediate help.
 ...                                              
                                                  
l.4 \item\contentsline
                      {section}{\hyperlink{classCharacter}{Character} }{\pag...

? 
! Undefined control sequence.
l.4 \item\contentsline{section}{\hyperlink
                                          {classCharacter}{Character} }{\pag...

? 
Missing character: There is no c in font nullfont!
Missing character: There is no l in font nullfont!
Missing character: There is no a in font nullfont!
Missing character: There is no s in font nullfont!
Missing character: There is no s in font nullfont!
Missing character: There is no C in font nullfont!
Missing character: There is no h in font nullfont!
Missing character: There is no a in font nullfont!
Missing character: There is no r in font nullfont!
Missing character: There is no a in font nullfont!
Missing character: There is no c in font nullfont!
Missing character: There is no t in font nullfont!
Missing character: There is no e in font nullfont!
Missing character: There is no r in font nullfont!
Missing character: There is no C in font nullfont!
Missing character: There is no h in font nullfont!
Missing character: There is no a in font nullfont!
Missing character: There is no r in font nullfont!
Missing character: There is no a in font nullfont!
Missing character: There is no c in font nullfont!
Missing character: There is no t in font nullfont!
Missing character: There is no e in font nullfont!
Missing character: There is no r in font nullfont!
! Undefined control sequence.
<write> ...ence `classCharacter' on page \thepage 
                                                  \space undefined\on@line .
l.4 ...cter}{Character} }{\pageref{classCharacter}
                                                  }{}
? 

LaTeX Warning: Reference `classCharacter' on page  undefined on input line 4.


Overfull \hbox (10.86105pt too wide) in paragraph at lines 4--5
[] 
 []


! LaTeX Error: Lonely \item--perhaps a missing list environment.

See the LaTeX manual or LaTeX Companion for explanation.
Type  H <return>  for immediate help.
 ...                                              
                                                  
l.5 \item\contentsline
                      {section}{\hyperlink{classEnemy}{Enemy} }{\pageref{cla...

? 
! Undefined control sequence.
l.5 \item\contentsline{section}{\hyperlink
                                          {classEnemy}{Enemy} }{\pageref{cla...

? 
Missing character: There is no c in font nullfont!
Missing character: There is no l in font nullfont!
Missing character: There is no a in font nullfont!
Missing character: There is no s in font nullfont!
Missing character: There is no s in font nullfont!
Missing character: There is no E in font nullfont!
Missing character: There is no n in font nullfont!
Missing character: There is no e in font nullfont!
Missing character: There is no m in font nullfont!
Missing character: There is no y in font nullfont!
Missing character: There is no E in font nullfont!
Missing character: There is no n in font nullfont!
Missing character: There is no e in font nullfont!
Missing character: There is no m in font nullfont!
Missing character: There is no y in font nullfont!
! Undefined control sequence.
<write> ...eference `classEnemy' on page \thepage 
                                                  \space undefined\on@line .
l.5 ...k{classEnemy}{Enemy} }{\pageref{classEnemy}
                                                  }{}
? 

LaTeX Warning: Reference `classEnemy' on page  undefined on input line 5.


Overfull \hbox (10.86105pt too wide) in paragraph at lines 5--6
[] 
 []


! LaTeX Error: Lonely \item--perhaps a missing list environment.

See the LaTeX manual or LaTeX Companion for explanation.
Type  H <return>  for immediate help.
 ...                                              
                                                  
l.6 \item\contentsline
                      {section}{\hyperlink{classEnemy__Spawner}{Enemy\+\_\+\...

? 
! Undefined control sequence.
l.6 \item\contentsline{section}{\hyperlink
                                          {classEnemy__Spawner}{Enemy\+\_\+\...

? 
Missing character: There is no c in font nullfont!
Missing character: There is no l in font nullfont!
Missing character: There is no a in font nullfont!
Missing character: There is no s in font nullfont!
Missing character: There is no s in font nullfont!
Missing character: There is no E in font nullfont!
Missing character: There is no n in font nullfont!
Missing character: There is no e in font nullfont!
Missing character: There is no m in font nullfont!
Missing character: There is no y in font nullfont!
! Missing $ inserted.
<inserted text> 
                $
l.6 ...ontentsline{section}{\hyperlink{classEnemy_
                                                  _Spawner}{Enemy\+\_\+\+Spa...

? 
LaTeX Font Info:    External font `cmex10' loaded for size
(Font)              <7> on input line 6.
LaTeX Font Info:    External font `cmex10' loaded for size
(Font)              <5> on input line 6.
! Missing { inserted.
<to be read again> 
                   _
l.6 ...ntentsline{section}{\hyperlink{classEnemy__
                                                  Spawner}{Enemy\+\_\+\+Spaw...

? 
! Undefined control sequence.
l.6 ...on}{\hyperlink{classEnemy__Spawner}{Enemy\+
                                                  \_\+\+Spawner} }{\pageref{...

? 
! Undefined control sequence.
l.6 ...\hyperlink{classEnemy__Spawner}{Enemy\+\_\+
                                                  \+Spawner} }{\pageref{clas...

? 
! Undefined control sequence.
l.6 ...yperlink{classEnemy__Spawner}{Enemy\+\_\+\+
                                                  Spawner} }{\pageref{classE...

? 
! Extra }, or forgotten $.
l.6 ...lassEnemy__Spawner}{Enemy\+\_\+\+Spawner} }
                                                  {\pageref{classEnemy__Spaw...

? 
! Undefined control sequence.
<write> ...`classEnemy__Spawner' on page \thepage 
                                                  \space undefined\on@line .
l.6 ...+\+Spawner} }{\pageref{classEnemy__Spawner}
                                                  }{}
? 

LaTeX Warning: Reference `classEnemy__Spawner' on page  undefined on input line
 6.


! LaTeX Error: Command \item invalid in math mode.

See the LaTeX manual or LaTeX Companion for explanation.
Type  H <return>  for immediate help.
 ...                                              
                                                  
l.7 \item
         \contentsline{section}{\hyperlink{classFloor}{Floor} }{\pageref{cla...

? 

! LaTeX Error: Something's wrong--perhaps a missing \item.

See the LaTeX manual or LaTeX Companion for explanation.
Type  H <return>  for immediate help.
 ...                                              
                                                  
l.7 \item\contentsline
                      {section}{\hyperlink{classFloor}{Floor} }{\pageref{cla...

? 

! LaTeX Error: Something's wrong--perhaps a missing \item.

See the LaTeX manual or LaTeX Companion for explanation.
Type  H <return>  for immediate help.
 ...                                              
                                                  
l.7 \item\contentsline
                      {section}{\hyperlink{classFloor}{Floor} }{\pageref{cla...

? 

! LaTeX Error: Lonely \item--perhaps a missing list environment.

See the LaTeX manual or LaTeX Companion for explanation.
Type  H <return>  for immediate help.
 ...                                              
                                                  
l.7 \item\contentsline
                      {section}{\hyperlink{classFloor}{Floor} }{\pageref{cla...

? 
! Undefined control sequence.
l.7 \item\contentsline{section}{\hyperlink
                                          {classFloor}{Floor} }{\pageref{cla...

? 
! Undefined control sequence.
<write> ...eference `classFloor' on page \thepage 
                                                  \space undefined\on@line .
l.7 ...k{classFloor}{Floor} }{\pageref{classFloor}
                                                  }{}
? 

LaTeX Warning: Reference `classFloor' on page  undefined on input line 7.


! LaTeX Error: Command \item invalid in math mode.

See the LaTeX manual or LaTeX Companion for explanation.
Type  H <return>  for immediate help.
 ...                                              
                                                  
l.8 \item
         \contentsline{section}{\hyperlink{classGame}{Game} }{\pageref{class...

? 
! Missing $ inserted.
<inserted text> 
                $
l.8 \item\contentsline
                      {section}{\hyperlink{classGame}{Game} }{\pageref{class...

? 

Overfull \hbox (220.05304pt too wide) in paragraph at lines 6--8
[][][][][][][][]$ 
 []


! LaTeX Error: Lonely \item--perhaps a missing list environment.

See the LaTeX manual or LaTeX Companion for explanation.
Type  H <return>  for immediate help.
 ...                                              
                                                  
l.8 \item\contentsline
                      {section}{\hyperlink{classGame}{Game} }{\pageref{class...

? 
! Undefined control sequence.
l.8 \item\contentsline{section}{\hyperlink
                                          {classGame}{Game} }{\pageref{class...

? 
Missing character: There is no c in font nullfont!
Missing character: There is no l in font nullfont!
Missing character: There is no a in font nullfont!
Missing character: There is no s in font nullfont!
Missing character: There is no s in font nullfont!
Missing character: There is no G in font nullfont!
Missing character: There is no a in font nullfont!
Missing character: There is no m in font nullfont!
Missing character: There is no e in font nullfont!
Missing character: There is no G in font nullfont!
Missing character: There is no a in font nullfont!
Missing character: There is no m in font nullfont!
Missing character: There is no e in font nullfont!
! Undefined control sequence.
<write> ...Reference `classGame' on page \thepage 
                                                  \space undefined\on@line .
l.8 ...link{classGame}{Game} }{\pageref{classGame}
                                                  }{}
? 

LaTeX Warning: Reference `classGame' on page  undefined on input line 8.


Overfull \hbox (10.86105pt too wide) in paragraph at lines 8--9
[] 
 []


! LaTeX Error: Lonely \item--perhaps a missing list environment.

See the LaTeX manual or LaTeX Companion for explanation.
Type  H <return>  for immediate help.
 ...                                              
                                                  
l.9 \item\contentsline
                      {section}{\hyperlink{classGameMap}{Game\+Map} }{\pager...

? 
! Undefined control sequence.
l.9 \item\contentsline{section}{\hyperlink
                                          {classGameMap}{Game\+Map} }{\pager...

? 
Missing character: There is no c in font nullfont!
Missing character: There is no l in font nullfont!
Missing character: There is no a in font nullfont!
Missing character: There is no s in font nullfont!
Missing character: There is no s in font nullfont!
Missing character: There is no G in font nullfont!
Missing character: There is no a in font nullfont!
Missing character: There is no m in font nullfont!
Missing character: There is no e in font nullfont!
Missing character: There is no M in font nullfont!
Missing character: There is no a in font nullfont!
Missing character: There is no p in font nullfont!
Missing character: There is no G in font nullfont!
Missing character: There is no a in font nullfont!
Missing character: There is no m in font nullfont!
Missing character: There is no e in font nullfont!
! Undefined control sequence.
l.9 ...ne{section}{\hyperlink{classGameMap}{Game\+
                                                  Map} }{\pageref{classGameM...

? 
Missing character: There is no M in font nullfont!
Missing character: There is no a in font nullfont!
Missing character: There is no p in font nullfont!
! Undefined control sequence.
<write> ...erence `classGameMap' on page \thepage 
                                                  \space undefined\on@line .
l.9 ...ameMap}{Game\+Map} }{\pageref{classGameMap}
                                                  }{}
? 

LaTeX Warning: Reference `classGameMap' on page  undefined on input line 9.


Overfull \hbox (10.86105pt too wide) in paragraph at lines 9--10
[] 
 []


! LaTeX Error: Lonely \item--perhaps a missing list environment.

See the LaTeX manual or LaTeX Companion for explanation.
Type  H <return>  for immediate help.
 ...                                              
                                                  
l.10 \item\contentsline
                       {section}{\hyperlink{classMenu__State}{Menu\+\_\+\+St...

? 
! Undefined control sequence.
l.10 \item\contentsline{section}{\hyperlink
                                           {classMenu__State}{Menu\+\_\+\+St...

? 
Missing character: There is no c in font nullfont!
Missing character: There is no l in font nullfont!
Missing character: There is no a in font nullfont!
Missing character: There is no s in font nullfont!
Missing character: There is no s in font nullfont!
Missing character: There is no M in font nullfont!
Missing character: There is no e in font nullfont!
Missing character: There is no n in font nullfont!
Missing character: There is no u in font nullfont!
! Missing $ inserted.
<inserted text> 
                $
l.10 ...ontentsline{section}{\hyperlink{classMenu_
                                                  _State}{Menu\+\_\+\+State}...

? 
! Missing { inserted.
<to be read again> 
                   _
l.10 ...ntentsline{section}{\hyperlink{classMenu__
                                                  State}{Menu\+\_\+\+State} ...

? 
! Undefined control sequence.
l.10 ...ction}{\hyperlink{classMenu__State}{Menu\+
                                                  \_\+\+State} }{\pageref{cl...

? 
! Undefined control sequence.
l.10 ...n}{\hyperlink{classMenu__State}{Menu\+\_\+
                                                  \+State} }{\pageref{classM...

? 
! Undefined control sequence.
l.10 ...{\hyperlink{classMenu__State}{Menu\+\_\+\+
                                                  State} }{\pageref{classMen...

? 
! Extra }, or forgotten $.
l.10 ...ink{classMenu__State}{Menu\+\_\+\+State} }
                                                  {\pageref{classMenu__State...

? 
! Undefined control sequence.
<write> ...ce `classMenu__State' on page \thepage 
                                                  \space undefined\on@line .
l.10 ...+\_\+\+State} }{\pageref{classMenu__State}
                                                  }{}
? 

LaTeX Warning: Reference `classMenu__State' on page  undefined on input line 10
.


! LaTeX Error: Command \item invalid in math mode.

See the LaTeX manual or LaTeX Companion for explanation.
Type  H <return>  for immediate help.
 ...                                              
                                                  
l.11 \item
          \contentsline{section}{\hyperlink{classMovable__Obj}{Movable\+\_\+...

? 

! LaTeX Error: Something's wrong--perhaps a missing \item.

See the LaTeX manual or LaTeX Companion for explanation.
Type  H <return>  for immediate help.
 ...                                              
                                                  
l.11 \item\contentsline
                       {section}{\hyperlink{classMovable__Obj}{Movable\+\_\+...

? 

! LaTeX Error: Something's wrong--perhaps a missing \item.

See the LaTeX manual or LaTeX Companion for explanation.
Type  H <return>  for immediate help.
 ...                                              
                                                  
l.11 \item\contentsline
                       {section}{\hyperlink{classMovable__Obj}{Movable\+\_\+...

? 

! LaTeX Error: Lonely \item--perhaps a missing list environment.

See the LaTeX manual or LaTeX Companion for explanation.
Type  H <return>  for immediate help.
 ...                                              
                                                  
l.11 \item\contentsline
                       {section}{\hyperlink{classMovable__Obj}{Movable\+\_\+...

? 
! Undefined control sequence.
l.11 \item\contentsline{section}{\hyperlink
                                           {classMovable__Obj}{Movable\+\_\+...

? 
! Missing { inserted.
<to be read again> 
                   _
l.11 ...ntsline{section}{\hyperlink{classMovable__
                                                  Obj}{Movable\+\_\+\+Obj} }...

? 
! Undefined control sequence.
l.11 ...n}{\hyperlink{classMovable__Obj}{Movable\+
                                                  \_\+\+Obj} }{\pageref{clas...

? 
! Undefined control sequence.
l.11 ...hyperlink{classMovable__Obj}{Movable\+\_\+
                                                  \+Obj} }{\pageref{classMov...

? 
! Undefined control sequence.
l.11 ...perlink{classMovable__Obj}{Movable\+\_\+\+
                                                  Obj} }{\pageref{classMovab...

? 
! Undefined control sequence.
<write> ...e `classMovable__Obj' on page \thepage 
                                                  \space undefined\on@line .
l.11 ...\+\_\+\+Obj} }{\pageref{classMovable__Obj}
                                                  }{}
? 

LaTeX Warning: Reference `classMovable__Obj' on page  undefined on input line 1
1.


! LaTeX Error: Command \item invalid in math mode.

See the LaTeX manual or LaTeX Companion for explanation.
Type  H <return>  for immediate help.
 ...                                              
                                                  
l.12 \item
          \contentsline{section}{\hyperlink{classObject}{Object} }{\pageref{...

? 
! Missing $ inserted.
<inserted text> 
                $
l.12 \item\contentsline
                       {section}{\hyperlink{classObject}{Object} }{\pageref{...

? 
! Missing } inserted.
<inserted text> 
                }
l.12 \item\contentsline
                       {section}{\hyperlink{classObject}{Object} }{\pageref{...

? 

Overfull \hbox (241.69453pt too wide) in paragraph at lines 10--12
[][][][][]$ 
 []


! LaTeX Error: Lonely \item--perhaps a missing list environment.

See the LaTeX manual or LaTeX Companion for explanation.
Type  H <return>  for immediate help.
 ...                                              
                                                  
l.12 \item\contentsline
                       {section}{\hyperlink{classObject}{Object} }{\pageref{...

? 
! Undefined control sequence.
l.12 \item\contentsline{section}{\hyperlink
                                           {classObject}{Object} }{\pageref{...

? 
Missing character: There is no c in font nullfont!
Missing character: There is no l in font nullfont!
Missing character: There is no a in font nullfont!
Missing character: There is no s in font nullfont!
Missing character: There is no s in font nullfont!
Missing character: There is no O in font nullfont!
Missing character: There is no b in font nullfont!
Missing character: There is no j in font nullfont!
Missing character: There is no e in font nullfont!
Missing character: There is no c in font nullfont!
Missing character: There is no t in font nullfont!
Missing character: There is no O in font nullfont!
Missing character: There is no b in font nullfont!
Missing character: There is no j in font nullfont!
Missing character: There is no e in font nullfont!
Missing character: There is no c in font nullfont!
Missing character: There is no t in font nullfont!
! Undefined control sequence.
<write> ...ference `classObject' on page \thepage 
                                                  \space undefined\on@line .
l.12 ...assObject}{Object} }{\pageref{classObject}
                                                  }{}
? 

LaTeX Warning: Reference `classObject' on page  undefined on input line 12.


Overfull \hbox (10.86105pt too wide) in paragraph at lines 12--13
[] 
 []


! LaTeX Error: Lonely \item--perhaps a missing list environment.

See the LaTeX manual or LaTeX Companion for explanation.
Type  H <return>  for immediate help.
 ...                                              
                                                  
l.13 \item\contentsline
                       {section}{\hyperlink{classPlay__State}{Play\+\_\+\+St...

? 
! Undefined control sequence.
l.13 \item\contentsline{section}{\hyperlink
                                           {classPlay__State}{Play\+\_\+\+St...

? 
Missing character: There is no c in font nullfont!
Missing character: There is no l in font nullfont!
Missing character: There is no a in font nullfont!
Missing character: There is no s in font nullfont!
Missing character: There is no s in font nullfont!
Missing character: There is no P in font nullfont!
Missing character: There is no l in font nullfont!
Missing character: There is no a in font nullfont!
Missing character: There is no y in font nullfont!
! Missing $ inserted.
<inserted text> 
                $
l.13 ...ontentsline{section}{\hyperlink{classPlay_
                                                  _State}{Play\+\_\+\+State}...

? 
! Missing { inserted.
<to be read again> 
                   _
l.13 ...ntentsline{section}{\hyperlink{classPlay__
                                                  State}{Play\+\_\+\+State} ...

? 
! Undefined control sequence.
l.13 ...ction}{\hyperlink{classPlay__State}{Play\+
                                                  \_\+\+State} }{\pageref{cl...

? 
! Undefined control sequence.
l.13 ...n}{\hyperlink{classPlay__State}{Play\+\_\+
                                                  \+State} }{\pageref{classP...

? 
! Undefined control sequence.
l.13 ...{\hyperlink{classPlay__State}{Play\+\_\+\+
                                                  State} }{\pageref{classPla...

? 
! Extra }, or forgotten $.
l.13 ...ink{classPlay__State}{Play\+\_\+\+State} }
                                                  {\pageref{classPlay__State...

? 
! Undefined control sequence.
<write> ...ce `classPlay__State' on page \thepage 
                                                  \space undefined\on@line .
l.13 ...+\_\+\+State} }{\pageref{classPlay__State}
                                                  }{}
? 

LaTeX Warning: Reference `classPlay__State' on page  undefined on input line 13
.


! LaTeX Error: Command \item invalid in math mode.

See the LaTeX manual or LaTeX Companion for explanation.
Type  H <return>  for immediate help.
 ...                                              
                                                  
l.14 \item
          \contentsline{section}{\hyperlink{classPlayer}{Player} }{\pageref{...

? 

! LaTeX Error: Something's wrong--perhaps a missing \item.

See the LaTeX manual or LaTeX Companion for explanation.
Type  H <return>  for immediate help.
 ...                                              
                                                  
l.14 \item\contentsline
                       {section}{\hyperlink{classPlayer}{Player} }{\pageref{...

? 

! LaTeX Error: Something's wrong--perhaps a missing \item.

See the LaTeX manual or LaTeX Companion for explanation.
Type  H <return>  for immediate help.
 ...                                              
                                                  
l.14 \item\contentsline
                       {section}{\hyperlink{classPlayer}{Player} }{\pageref{...

? 

! LaTeX Error: Lonely \item--perhaps a missing list environment.

See the LaTeX manual or LaTeX Companion for explanation.
Type  H <return>  for immediate help.
 ...                                              
                                                  
l.14 \item\contentsline
                       {section}{\hyperlink{classPlayer}{Player} }{\pageref{...

? 
! Undefined control sequence.
l.14 \item\contentsline{section}{\hyperlink
                                           {classPlayer}{Player} }{\pageref{...

? 
! Undefined control sequence.
<write> ...ference `classPlayer' on page \thepage 
                                                  \space undefined\on@line .
l.14 ...assPlayer}{Player} }{\pageref{classPlayer}
                                                  }{}
? 

LaTeX Warning: Reference `classPlayer' on page  undefined on input line 14.


! LaTeX Error: Command \item invalid in math mode.

See the LaTeX manual or LaTeX Companion for explanation.
Type  H <return>  for immediate help.
 ...                                              
                                                  
l.15 \item
          \contentsline{section}{\hyperlink{classState}{State} }{\pageref{cl...

? 
! Missing $ inserted.
<inserted text> 
                $
l.15 \item\contentsline
                       {section}{\hyperlink{classState}{State} }{\pageref{cl...

? 

Overfull \hbox (190.97458pt too wide) in paragraph at lines 13--15
[][][][][][][][]$ 
 []


! LaTeX Error: Lonely \item--perhaps a missing list environment.

See the LaTeX manual or LaTeX Companion for explanation.
Type  H <return>  for immediate help.
 ...                                              
                                                  
l.15 \item\contentsline
                       {section}{\hyperlink{classState}{State} }{\pageref{cl...

? 
! Undefined control sequence.
l.15 \item\contentsline{section}{\hyperlink
                                           {classState}{State} }{\pageref{cl...

? 
Missing character: There is no c in font nullfont!
Missing character: There is no l in font nullfont!
Missing character: There is no a in font nullfont!
Missing character: There is no s in font nullfont!
Missing character: There is no s in font nullfont!
Missing character: There is no S in font nullfont!
Missing character: There is no t in font nullfont!
Missing character: There is no a in font nullfont!
Missing character: There is no t in font nullfont!
Missing character: There is no e in font nullfont!
Missing character: There is no S in font nullfont!
Missing character: There is no t in font nullfont!
Missing character: There is no a in font nullfont!
Missing character: There is no t in font nullfont!
Missing character: There is no e in font nullfont!
! Undefined control sequence.
<write> ...eference `classState' on page \thepage 
                                                  \space undefined\on@line .
l.15 ...{classState}{State} }{\pageref{classState}
                                                  }{}
? 

LaTeX Warning: Reference `classState' on page  undefined on input line 15.


Overfull \hbox (10.86105pt too wide) in paragraph at lines 15--16
[] 
 []


! LaTeX Error: Lonely \item--perhaps a missing list environment.

See the LaTeX manual or LaTeX Companion for explanation.
Type  H <return>  for immediate help.
 ...                                              
                                                  
l.16 \item\contentsline
                       {section}{\hyperlink{classTile}{Tile} }{\pageref{clas...

? 
! Undefined control sequence.
l.16 \item\contentsline{section}{\hyperlink
                                           {classTile}{Tile} }{\pageref{clas...

? 
Missing character: There is no c in font nullfont!
Missing character: There is no l in font nullfont!
Missing character: There is no a in font nullfont!
Missing character: There is no s in font nullfont!
Missing character: There is no s in font nullfont!
Missing character: There is no T in font nullfont!
Missing character: There is no i in font nullfont!
Missing character: There is no l in font nullfont!
Missing character: There is no e in font nullfont!
Missing character: There is no T in font nullfont!
Missing character: There is no i in font nullfont!
Missing character: There is no l in font nullfont!
Missing character: There is no e in font nullfont!
! Undefined control sequence.
<write> ...Reference `classTile' on page \thepage 
                                                  \space undefined\on@line .
l.16 ...ink{classTile}{Tile} }{\pageref{classTile}
                                                  }{}
? 

LaTeX Warning: Reference `classTile' on page  undefined on input line 16.


Overfull \hbox (10.86105pt too wide) in paragraph at lines 16--17
[] 
 []


! LaTeX Error: Lonely \item--perhaps a missing list environment.

See the LaTeX manual or LaTeX Companion for explanation.
Type  H <return>  for immediate help.
 ...                                              
                                                  
l.17 \item\contentsline
                       {section}{\hyperlink{classUI}{UI} }{\pageref{classUI}}{}

? 
! Undefined control sequence.
l.17 \item\contentsline{section}{\hyperlink
                                           {classUI}{UI} }{\pageref{classUI}}{}

? 
Missing character: There is no c in font nullfont!
Missing character: There is no l in font nullfont!
Missing character: There is no a in font nullfont!
Missing character: There is no s in font nullfont!
Missing character: There is no s in font nullfont!
Missing character: There is no U in font nullfont!
Missing character: There is no I in font nullfont!
Missing character: There is no U in font nullfont!
Missing character: There is no I in font nullfont!
! Undefined control sequence.
<write> ...: Reference `classUI' on page \thepage 
                                                  \space undefined\on@line .
l.17 ...hyperlink{classUI}{UI} }{\pageref{classUI}
                                                  }{}
? 

LaTeX Warning: Reference `classUI' on page  undefined on input line 17.


Overfu